命令: D:\anaconda\envs\pp\python.exe -u ours.py --dataset CIFAR10 --global_epoch 60 --num_clients 3 --local_epoch 4 --batch_size 32 --lr 0.004 --target_epsilon 8.0 --target_delta 1e-5 --clipping_bound 2.0 --dir_alpha 100 --device 0 --user_sample_rate 1.0 --seed 20260312 --noise_decay 1.0 --noise_decay_type exponential --sparsity_ratio 0.0 --dp_method dfl --gir_attack_steps 12 --gir_attack_trials 1 --gir_attack_batch_size 1 --gir_attack_lr 0.1 --gir_eval_interval 0 --gir_max_evals_per_client_update 1 --sigma_factor_gaussian 0.01 --sigma_factor_dfl 0.01 --use_chaotic --chaotic_factor 1.0 --dfl_a 4.0 --dfl_b 501.0 --dfl_k 3 --dfl_burn_in 2048 --dfl_decimation 11
开始时间: 2026-05-26 14:06:45
================================================================================
D:\anaconda\envs\pp\Lib\site-packages\torch\cuda\__init__.py:63: FutureWarning: The pynvml package is deprecated. Please install nvidia-ml-py instead. If you did not install pynvml directly, please report this to the maintainers of the package that installed pynvml for you.
  import pynvml  # type: ignore[import]
DP方法: dfl
Random seed: 20260312
数据集: CIFAR10, 学习率: 0.004, 隐私预算ε: 8.0, 裁剪边界: 2.0
正在加载 CIFAR10 数据集...
检测到本地CIFAR10数据集，直接使用...
使用CIFAR10数据集...
使用原始数据加载方法成功: 3个客户端
数据加载成功: 3个客户端，总数据量: 50000
客户端隐私预算分配: ['7.92', '7.98', '8.09']
客户端数据量: [16342, 16601, 17057]

全局轮次 DFL:   0%|          | 0/60 [00:00<?, ?it/s][Pure DFL] Building 37.8M pure chaotic sequence (a=4.0, b=501.0, k=3)...
[Pure DFL] First-time build may take seconds to tens of seconds. Subsequent epochs use cache.
[Pure DFL] Reservoir build completed! Ready for training.
轮次 1 客户端准确率: ['45.00%', '45.51%', '41.64%']
轮次 1 平均训练损失: 1.7772
轮次 1 平均抗梯度反演能力: 0.4956

全局轮次 DFL:   2%|▏         | 1/60 [07:04<6:57:39, 424.75s/it]轮次 2 客户端准确率: ['50.96%', '49.95%', '51.05%']
轮次 2 平均训练损失: 1.4277
轮次 2 平均抗梯度反演能力: 0.4838

全局轮次 DFL:   3%|▎         | 2/60 [13:32<6:29:20, 402.77s/it]轮次 3 客户端准确率: ['55.13%', '55.66%', '55.64%']
轮次 3 平均训练损失: 1.2852
轮次 3 平均抗梯度反演能力: 0.4827

全局轮次 DFL:   5%|▌         | 3/60 [16:58<4:57:37, 313.28s/it]轮次 4 客户端准确率: ['57.67%', '57.73%', '57.94%']
轮次 4 平均训练损失: 1.1971
轮次 4 平均抗梯度反演能力: 0.4819

全局轮次 DFL:   7%|▋         | 4/60 [24:08<5:35:04, 359.00s/it]轮次 5 客户端准确率: ['59.62%', '58.28%', '59.32%']
轮次 5 平均训练损失: 1.1540
轮次 5 平均抗梯度反演能力: 0.4848

全局轮次 DFL:   8%|▊         | 5/60 [31:10<5:50:06, 381.95s/it]轮次 6 客户端准确率: ['59.88%', '58.25%', '58.95%']
轮次 6 平均训练损失: 1.1351
轮次 6 平均抗梯度反演能力: 0.4813

全局轮次 DFL:  10%|█         | 6/60 [39:01<6:10:51, 412.06s/it]轮次 7 客户端准确率: ['57.85%', '58.80%', '60.20%']
轮次 7 平均训练损失: 1.1349
轮次 7 平均抗梯度反演能力: 0.5529

全局轮次 DFL:  12%|█▏        | 7/60 [44:27<5:39:11, 383.99s/it]轮次 8 客户端准确率: ['58.52%', '58.89%', '59.56%']
轮次 8 平均训练损失: 1.1401
轮次 8 平均抗梯度反演能力: 0.4884

全局轮次 DFL:  13%|█▎        | 8/60 [52:10<5:54:43, 409.30s/it]轮次 9 客户端准确率: ['58.99%', '57.70%', '59.06%']
轮次 9 平均训练损失: 1.1501
轮次 9 平均抗梯度反演能力: 0.4833

全局轮次 DFL:  15%|█▌        | 9/60 [1:00:14<6:07:37, 432.50s/it]轮次 10 客户端准确率: ['58.75%', '56.24%', '58.29%']
轮次 10 平均训练损失: 1.1602
轮次 10 平均抗梯度反演能力: 0.5964

全局轮次 DFL:  17%|█▋        | 10/60 [1:04:19<5:12:14, 374.70s/it]轮次 11 客户端准确率: ['58.69%', '57.12%', '58.38%']
轮次 11 平均训练损失: 1.1683
轮次 11 平均抗梯度反演能力: 0.5517

全局轮次 DFL:  18%|█▊        | 11/60 [1:09:39<4:52:11, 357.79s/it]轮次 12 客户端准确率: ['58.48%', '56.45%', '57.61%']
轮次 12 平均训练损失: 1.1784
轮次 12 平均抗梯度反演能力: 0.5058

全局轮次 DFL:  20%|██        | 12/60 [1:17:56<5:20:06, 400.14s/it]轮次 13 客户端准确率: ['58.03%', '55.18%', '57.86%']
轮次 13 平均训练损失: 1.1922
轮次 13 平均抗梯度反演能力: 0.4822

全局轮次 DFL:  22%|██▏       | 13/60 [1:25:45<5:29:50, 421.08s/it]轮次 14 客户端准确率: ['57.01%', '56.07%', '56.04%']
轮次 14 平均训练损失: 1.2056
轮次 14 平均抗梯度反演能力: 0.5096

全局轮次 DFL:  23%|██▎       | 14/60 [1:33:50<5:37:37, 440.38s/it]轮次 15 客户端准确率: ['56.08%', '55.25%', '55.69%']
轮次 15 平均训练损失: 1.2197
轮次 15 平均抗梯度反演能力: 0.5090

全局轮次 DFL:  25%|██▌       | 15/60 [1:41:58<5:41:10, 454.90s/it]轮次 16 客户端准确率: ['55.56%', '53.58%', '56.49%']
轮次 16 平均训练损失: 1.2367
轮次 16 平均抗梯度反演能力: 0.4837

全局轮次 DFL:  27%|██▋       | 16/60 [1:49:04<5:27:04, 446.01s/it]轮次 17 客户端准确率: ['55.06%', '53.35%', '55.37%']
轮次 17 平均训练损失: 1.2568
轮次 17 平均抗梯度反演能力: 0.4863

全局轮次 DFL:  28%|██▊       | 17/60 [1:57:30<5:32:35, 464.08s/it]轮次 18 客户端准确率: ['54.53%', '54.59%', '55.01%']
轮次 18 平均训练损失: 1.2778
轮次 18 平均抗梯度反演能力: 0.5229

全局轮次 DFL:  30%|███       | 18/60 [2:05:19<5:25:52, 465.53s/it]轮次 19 客户端准确率: ['52.23%', '52.72%', '53.43%']
轮次 19 平均训练损失: 1.2941
轮次 19 平均抗梯度反演能力: 0.5673

全局轮次 DFL:  32%|███▏      | 19/60 [2:13:32<5:23:50, 473.91s/it]轮次 20 客户端准确率: ['52.72%', '53.68%', '54.33%']
轮次 20 平均训练损失: 1.3124
轮次 20 平均抗梯度反演能力: 0.4837

全局轮次 DFL:  33%|███▎      | 20/60 [2:21:44<5:19:31, 479.28s/it]轮次 21 客户端准确率: ['50.09%', '52.16%', '53.18%']
轮次 21 平均训练损失: 1.3322
轮次 21 平均抗梯度反演能力: 0.4837

全局轮次 DFL:  35%|███▌      | 21/60 [2:29:32<5:09:23, 475.99s/it]轮次 22 客户端准确率: ['51.14%', '51.80%', '52.22%']
轮次 22 平均训练损失: 1.3500
轮次 22 平均抗梯度反演能力: 0.4851

全局轮次 DFL:  37%|███▋      | 22/60 [2:37:37<5:03:02, 478.49s/it]轮次 23 客户端准确率: ['51.21%', '51.68%', '50.93%']
轮次 23 平均训练损失: 1.3617
轮次 23 平均抗梯度反演能力: 0.4906

