Command: D:\anaconda\envs\pp\python.exe -u ours.py --dataset CIFAR10 --global_epoch 60 --num_clients 3 --batch_size 32 --local_epoch 4 --lr 0.004 --target_epsilon 8.0 --target_delta 1e-5 --clipping_bound 2.0 --dir_alpha 100 --device 0 --user_sample_rate 1.0 --seed 20260312 --noise_decay 1.0 --noise_decay_type exponential --sparsity_ratio 0.0 --dp_method dfl --sigma_factor_gaussian 0.10 --sigma_factor_dfl 0.10 --use_chaotic --chaotic_factor 1.0 --dfl_mu 3.99 --dfl_alpha 0.85 --dfl_burn_in 2048 --dfl_decimation 6 --dfl_max_direct_uniform 4096 --gir_attack_steps 12 --gir_attack_trials 1 --gir_attack_batch_size 1 --gir_attack_lr 0.1 --gir_eval_interval 0 --gir_max_evals_per_client_update 1
Start: 2026-05-07 15:15:44.777136
================================================================================
D:\anaconda\envs\pp\Lib\site-packages\torch\cuda\__init__.py:63: FutureWarning: The pynvml package is deprecated. Please install nvidia-ml-py instead. If you did not install pynvml directly, please report this to the maintainers of the package that installed pynvml for you.
  import pynvml  # type: ignore[import]
DP方法: dfl
Random seed: 20260312
数据集: CIFAR10, 学习率: 0.004, 隐私预算ε: 8.0, 裁剪边界: 2.0
正在加载 CIFAR10 数据集...
检测到本地CIFAR10数据集，直接使用...
使用CIFAR10数据集...
使用原始数据加载方法成功: 3个客户端
数据加载成功: 3个客户端，总数据量: 50000
客户端隐私预算分配: ['7.92', '7.98', '8.09']
客户端数据量: [16342, 16601, 17057]

全局轮次 DFL:   0%|          | 0/60 [00:00<?, ?it/s][DFL] Building dynamic reservoir of 20.0M capacity, please wait...
[DFL] Dynamic reservoir build completed!
轮次 1 客户端准确率: ['32.10%', '31.19%', '31.31%']
轮次 1 平均训练损失: 2.1205
轮次 1 平均抗梯度反演能力: 0.8851

全局轮次 DFL:   2%|▏         | 1/60 [05:10<5:05:36, 310.79s/it]轮次 2 客户端准确率: ['38.52%', '39.23%', '38.45%']
轮次 2 平均训练损失: 1.7667
轮次 2 平均抗梯度反演能力: 0.5425

全局轮次 DFL:   3%|▎         | 2/60 [10:37<5:09:16, 319.94s/it]轮次 3 客户端准确率: ['42.36%', '41.97%', '42.54%']
轮次 3 平均训练损失: 1.6206
轮次 3 平均抗梯度反演能力: 0.5228

全局轮次 DFL:   5%|▌         | 3/60 [14:32<4:27:06, 281.16s/it]轮次 4 客户端准确率: ['45.01%', '45.33%', '44.19%']
轮次 4 平均训练损失: 1.5402
轮次 4 平均抗梯度反演能力: 0.5266

全局轮次 DFL:   7%|▋         | 4/60 [19:41<4:32:50, 292.34s/it]轮次 5 客户端准确率: ['45.47%', '46.44%', '47.02%']
轮次 5 平均训练损失: 1.4898
轮次 5 平均抗梯度反演能力: 0.5127

全局轮次 DFL:   8%|▊         | 5/60 [25:16<4:42:04, 307.72s/it]轮次 6 客户端准确率: ['47.60%', '48.22%', '47.64%']
轮次 6 平均训练损失: 1.4474
轮次 6 平均抗梯度反演能力: 0.4990

全局轮次 DFL:  10%|█         | 6/60 [30:53<4:45:44, 317.49s/it]轮次 7 客户端准确率: ['49.56%', '47.87%', '49.79%']
轮次 7 平均训练损失: 1.4127
轮次 7 平均抗梯度反演能力: 0.5076

全局轮次 DFL:  12%|█▏        | 7/60 [33:37<3:56:21, 267.57s/it]轮次 8 客户端准确率: ['50.36%', '50.74%', '50.52%']
轮次 8 平均训练损失: 1.3776
轮次 8 平均抗梯度反演能力: 0.5776

全局轮次 DFL:  13%|█▎        | 8/60 [36:24<3:24:05, 235.49s/it]轮次 9 客户端准确率: ['50.78%', '51.05%', '51.66%']
轮次 9 平均训练损失: 1.3490
轮次 9 平均抗梯度反演能力: 0.5377

全局轮次 DFL:  15%|█▌        | 9/60 [38:23<2:49:13, 199.09s/it]轮次 10 客户端准确率: ['52.66%', '53.33%', '52.47%']
轮次 10 平均训练损失: 1.3205
轮次 10 平均抗梯度反演能力: 0.5140

全局轮次 DFL:  17%|█▋        | 10/60 [40:22<2:25:22, 174.44s/it]轮次 11 客户端准确率: ['54.22%', '53.29%', '53.72%']
轮次 11 平均训练损失: 1.2928
轮次 11 平均抗梯度反演能力: 0.4898

全局轮次 DFL:  18%|█▊        | 11/60 [45:16<2:52:06, 210.74s/it]轮次 12 客户端准确率: ['54.92%', '54.37%', '53.55%']
轮次 12 平均训练损失: 1.2669
轮次 12 平均抗梯度反演能力: 0.5516

全局轮次 DFL:  20%|██        | 12/60 [50:32<3:14:16, 242.85s/it]轮次 13 客户端准确率: ['55.82%', '55.49%', '55.03%']
轮次 13 平均训练损失: 1.2434
轮次 13 平均抗梯度反演能力: 0.5071

全局轮次 DFL:  22%|██▏       | 13/60 [53:23<2:53:16, 221.21s/it]轮次 14 客户端准确率: ['55.68%', '56.54%', '55.98%']
轮次 14 平均训练损失: 1.2172
轮次 14 平均抗梯度反演能力: 0.5415

全局轮次 DFL:  23%|██▎       | 14/60 [58:57<3:15:45, 255.34s/it]轮次 15 客户端准确率: ['56.38%', '57.89%', '55.98%']
轮次 15 平均训练损失: 1.1961
轮次 15 平均抗梯度反演能力: 0.5255

全局轮次 DFL:  25%|██▌       | 15/60 [1:04:37<3:30:31, 280.70s/it]轮次 16 客户端准确率: ['57.88%', '58.19%', '57.06%']
轮次 16 平均训练损失: 1.1739
轮次 16 平均抗梯度反演能力: 0.5818

全局轮次 DFL:  27%|██▋       | 16/60 [1:10:22<3:39:59, 299.99s/it]轮次 17 客户端准确率: ['58.40%', '55.35%', '57.51%']
轮次 17 平均训练损失: 1.1540
轮次 17 平均抗梯度反演能力: 0.5137

全局轮次 DFL:  28%|██▊       | 17/60 [1:15:55<3:42:13, 310.07s/it]轮次 18 客户端准确率: ['58.78%', '59.34%', '58.26%']
轮次 18 平均训练损失: 1.1325
轮次 18 平均抗梯度反演能力: 0.5363

全局轮次 DFL:  30%|███       | 18/60 [1:21:33<3:42:55, 318.46s/it]轮次 19 客户端准确率: ['59.96%', '59.16%', '57.96%']
轮次 19 平均训练损失: 1.1147
轮次 19 平均抗梯度反演能力: 0.5885

全局轮次 DFL:  32%|███▏      | 19/60 [1:27:08<3:40:58, 323.39s/it]轮次 20 客户端准确率: ['60.03%', '59.10%', '60.07%']
轮次 20 平均训练损失: 1.1010
轮次 20 平均抗梯度反演能力: 0.4981

全局轮次 DFL:  33%|███▎      | 20/60 [1:32:40<3:37:21, 326.03s/it]轮次 21 客户端准确率: ['61.21%', '60.96%', '60.32%']
轮次 21 平均训练损失: 1.0864
轮次 21 平均抗梯度反演能力: 0.5483

全局轮次 DFL:  35%|███▌      | 21/60 [1:38:15<3:33:42, 328.78s/it]轮次 22 客户端准确率: ['61.51%', '60.57%', '61.11%']
轮次 22 平均训练损失: 1.0685
轮次 22 平均抗梯度反演能力: 0.5767

全局轮次 DFL:  37%|███▋      | 22/60 [1:43:48<3:29:00, 330.00s/it]轮次 23 客户端准确率: ['61.94%', '62.49%', '61.12%']
轮次 23 平均训练损失: 1.0556
轮次 23 平均抗梯度反演能力: 0.5413

全局轮次 DFL:  38%|███▊      | 23/60 [1:49:21<3:23:55, 330.70s/it]轮次 24 客户端准确率: ['62.29%', '61.23%', '62.18%']
轮次 24 平均训练损失: 1.0448
轮次 24 平均抗梯度反演能力: 0.5781

全局轮次 DFL:  40%|████      | 24/60 [1:54:54<3:18:50, 331.41s/it]轮次 25 客户端准确率: ['62.43%', '63.43%', '62.85%']
轮次 25 平均训练损失: 1.0308
轮次 25 平均抗梯度反演能力: 0.6020

全局轮次 DFL:  42%|████▏     | 25/60 [2:00:25<3:13:20, 331.44s/it]轮次 26 客户端准确率: ['62.53%', '63.86%', '62.84%']
轮次 26 平均训练损失: 1.0209
轮次 26 平均抗梯度反演能力: 0.5155

全局轮次 DFL:  43%|████▎     | 26/60 [2:06:03<3:08:49, 333.23s/it]轮次 27 客户端准确率: ['63.49%', '64.26%', '63.16%']
轮次 27 平均训练损失: 1.0085
轮次 27 平均抗梯度反演能力: 0.5783

全局轮次 DFL:  45%|████▌     | 27/60 [2:11:38<3:03:40, 333.95s/it]轮次 28 客户端准确率: ['64.37%', '64.24%', '64.01%']
轮次 28 平均训练损失: 0.9979
轮次 28 平均抗梯度反演能力: 0.5262

全局轮次 DFL:  47%|████▋     | 28/60 [2:17:08<2:57:28, 332.76s/it]轮次 29 客户端准确率: ['64.01%', '63.62%', '64.47%']
轮次 29 平均训练损失: 0.9904
轮次 29 平均抗梯度反演能力: 0.4959

全局轮次 DFL:  48%|████▊     | 29/60 [2:22:40<2:51:43, 332.38s/it]轮次 30 客户端准确率: ['63.35%', '64.69%', '63.61%']
轮次 30 平均训练损失: 0.9794
轮次 30 平均抗梯度反演能力: 0.5000

全局轮次 DFL:  50%|█████     | 30/60 [2:28:14<2:46:28, 332.94s/it]轮次 31 客户端准确率: ['64.37%', '64.44%', '62.40%']
轮次 31 平均训练损失: 0.9708
轮次 31 平均抗梯度反演能力: 0.5135

全局轮次 DFL:  52%|█████▏    | 31/60 [2:33:45<2:40:35, 332.27s/it]轮次 32 客户端准确率: ['65.81%', '65.71%', '64.05%']
轮次 32 平均训练损失: 0.9656
轮次 32 平均抗梯度反演能力: 0.6188

全局轮次 DFL:  53%|█████▎    | 32/60 [2:39:20<2:35:25, 333.06s/it]轮次 33 客户端准确率: ['65.09%', '65.36%', '65.63%']
轮次 33 平均训练损失: 0.9535
轮次 33 平均抗梯度反演能力: 0.6657

全局轮次 DFL:  55%|█████▌    | 33/60 [2:44:53<2:29:54, 333.15s/it]轮次 34 客户端准确率: ['64.94%', '65.72%', '65.41%']
轮次 34 平均训练损失: 0.9488
轮次 34 平均抗梯度反演能力: 0.5365

全局轮次 DFL:  57%|█████▋    | 34/60 [2:50:24<2:24:07, 332.61s/it]轮次 35 客户端准确率: ['66.75%', '65.95%', '65.48%']
轮次 35 平均训练损失: 0.9383
轮次 35 平均抗梯度反演能力: 0.6521

全局轮次 DFL:  58%|█████▊    | 35/60 [2:56:01<2:19:04, 333.79s/it]轮次 36 客户端准确率: ['65.63%', '65.74%', '65.42%']
轮次 36 平均训练损失: 0.9338
轮次 36 平均抗梯度反演能力: 0.6108

全局轮次 DFL:  60%|██████    | 36/60 [3:01:32<2:13:12, 333.01s/it]轮次 37 客户端准确率: ['66.33%', '65.39%', '65.74%']
轮次 37 平均训练损失: 0.9275
轮次 37 平均抗梯度反演能力: 0.5566

全局轮次 DFL:  62%|██████▏   | 37/60 [3:07:03<2:07:23, 332.32s/it]轮次 38 客户端准确率: ['65.86%', '66.60%', '66.40%']
轮次 38 平均训练损失: 0.9201
轮次 38 平均抗梯度反演能力: 0.6965

全局轮次 DFL:  63%|██████▎   | 38/60 [3:12:17<1:59:49, 326.81s/it]轮次 39 客户端准确率: ['66.76%', '66.47%', '66.09%']
轮次 39 平均训练损失: 0.9128
轮次 39 平均抗梯度反演能力: 0.6430

全局轮次 DFL:  65%|██████▌   | 39/60 [3:17:56<1:55:41, 330.54s/it]轮次 40 客户端准确率: ['66.73%', '66.46%', '65.73%']
轮次 40 平均训练损失: 0.9060
轮次 40 平均抗梯度反演能力: 0.5772

全局轮次 DFL:  67%|██████▋   | 40/60 [3:23:45<1:52:00, 336.03s/it]轮次 41 客户端准确率: ['67.36%', '67.09%', '67.45%']
轮次 41 平均训练损失: 0.8980
轮次 41 平均抗梯度反演能力: 0.5023

全局轮次 DFL:  68%|██████▊   | 41/60 [3:29:16<1:46:00, 334.75s/it]轮次 42 客户端准确率: ['67.30%', '67.28%', '67.76%']
轮次 42 平均训练损失: 0.8937
轮次 42 平均抗梯度反演能力: 0.7616

全局轮次 DFL:  70%|███████   | 42/60 [3:34:48<1:40:10, 333.91s/it]轮次 43 客户端准确率: ['68.00%', '67.87%', '66.22%']
轮次 43 平均训练损失: 0.8885
轮次 43 平均抗梯度反演能力: 0.6684

全局轮次 DFL:  72%|███████▏  | 43/60 [3:40:21<1:34:30, 333.56s/it]轮次 44 客户端准确率: ['67.99%', '67.65%', '67.33%']
轮次 44 平均训练损失: 0.8819
轮次 44 平均抗梯度反演能力: 0.5436

全局轮次 DFL:  73%|███████▎  | 44/60 [3:44:49<1:23:38, 313.69s/it]轮次 45 客户端准确率: ['67.27%', '68.10%', '67.87%']
轮次 45 平均训练损失: 0.8788
轮次 45 平均抗梯度反演能力: 0.5062

全局轮次 DFL:  75%|███████▌  | 45/60 [3:50:16<1:19:25, 317.72s/it]轮次 46 客户端准确率: ['67.61%', '67.76%', '68.16%']
轮次 46 平均训练损失: 0.8727
轮次 46 平均抗梯度反演能力: 0.4922

全局轮次 DFL:  77%|███████▋  | 46/60 [3:55:44<1:14:52, 320.91s/it]轮次 47 客户端准确率: ['68.40%', '67.93%', '67.88%']
轮次 47 平均训练损失: 0.8650
轮次 47 平均抗梯度反演能力: 0.5867

全局轮次 DFL:  78%|███████▊  | 47/60 [4:01:32<1:11:18, 329.15s/it]轮次 48 客户端准确率: ['68.28%', '68.27%', '67.86%']
轮次 48 平均训练损失: 0.8608
轮次 48 平均抗梯度反演能力: 0.5386

全局轮次 DFL:  80%|████████  | 48/60 [4:05:08<59:00, 295.02s/it]  轮次 49 客户端准确率: ['68.18%', '67.92%', '68.67%']
轮次 49 平均训练损失: 0.8561
轮次 49 平均抗梯度反演能力: 0.5169

全局轮次 DFL:  82%|████████▏ | 49/60 [4:07:51<46:48, 255.34s/it]轮次 50 客户端准确率: ['68.09%', '67.95%', '68.35%']
轮次 50 平均训练损失: 0.8509
轮次 50 平均抗梯度反演能力: 0.7567

全局轮次 DFL:  83%|████████▎ | 50/60 [4:09:50<35:47, 214.73s/it]轮次 51 客户端准确率: ['69.22%', '69.37%', '68.99%']
轮次 51 平均训练损失: 0.8476
轮次 51 平均抗梯度反演能力: 0.5021

全局轮次 DFL:  85%|████████▌ | 51/60 [4:15:12<37:00, 246.70s/it]轮次 52 客户端准确率: ['69.51%', '68.47%', '68.99%']
轮次 52 平均训练损失: 0.8435
轮次 52 平均抗梯度反演能力: 0.6654

全局轮次 DFL:  87%|████████▋ | 52/60 [4:20:28<35:40, 267.50s/it]轮次 53 客户端准确率: ['68.58%', '68.77%', '69.06%']
轮次 53 平均训练损失: 0.8373
轮次 53 平均抗梯度反演能力: 0.5021

全局轮次 DFL:  88%|████████▊ | 53/60 [4:26:00<33:29, 287.02s/it]轮次 54 客户端准确率: ['69.10%', '69.22%', '69.35%']
轮次 54 平均训练损失: 0.8324
轮次 54 平均抗梯度反演能力: 0.6510

全局轮次 DFL:  90%|█████████ | 54/60 [4:31:32<30:02, 300.49s/it]轮次 55 客户端准确率: ['69.51%', '69.15%', '69.65%']
轮次 55 平均训练损失: 0.8298
轮次 55 平均抗梯度反演能力: 0.6025

全局轮次 DFL:  92%|█████████▏| 55/60 [4:36:54<25:34, 306.90s/it]轮次 56 客户端准确率: ['68.94%', '69.73%', '69.40%']
轮次 56 平均训练损失: 0.8242
轮次 56 平均抗梯度反演能力: 0.6708

全局轮次 DFL:  93%|█████████▎| 56/60 [4:42:02<20:28, 307.20s/it]轮次 57 客户端准确率: ['69.67%', '69.67%', '69.16%']
轮次 57 平均训练损失: 0.8184
轮次 57 平均抗梯度反演能力: 0.6923

全局轮次 DFL:  95%|█████████▌| 57/60 [4:46:59<15:12, 304.26s/it]轮次 58 客户端准确率: ['67.98%', '69.70%', '69.48%']
轮次 58 平均训练损失: 0.8140
轮次 58 平均抗梯度反演能力: 0.4975

全局轮次 DFL:  97%|█████████▋| 58/60 [4:51:07<09:34, 287.23s/it]轮次 59 客户端准确率: ['69.47%', '69.78%', '69.85%']
轮次 59 平均训练损失: 0.8116
轮次 59 平均抗梯度反演能力: 0.5804

全局轮次 DFL:  98%|█████████▊| 59/60 [4:56:37<05:00, 300.16s/it]轮次 60 客户端准确率: ['69.94%', '69.62%', '70.15%']
轮次 60 平均训练损失: 0.8071
轮次 60 平均抗梯度反演能力: 0.6024

全局轮次 DFL: 100%|██████████| 60/60 [5:01:34<00:00, 299.20s/it]
全局轮次 DFL: 100%|██████████| 60/60 [5:01:34<00:00, 301.58s/it]

================================================================================
DFL差分隐私联邦学习 - 实验结果汇总
================================================================================
数据集: CIFAR10
全局训练轮次: 60
训练时间: 18094.7秒
平均准确率历程: ['31.53%', '38.73%', '42.29%', '44.84%', '46.31%', '47.82%', '49.07%', '50.54%', '51.16%', '52.82%', '53.74%', '54.28%', '55.45%', '56.07%', '56.75%', '57.71%', '57.09%', '58.79%', '59.03%', '59.73%', '60.83%', '61.06%', '61.85%', '61.90%', '62.90%', '63.08%', '63.64%', '64.21%', '64.03%', '63.88%', '63.74%', '65.19%', '65.36%', '65.36%', '66.06%', '65.60%', '65.82%', '66.29%', '66.44%', '66.31%', '67.30%', '67.45%', '67.36%', '67.66%', '67.75%', '67.84%', '68.07%', '68.14%', '68.26%', '68.13%', '69.19%', '68.99%', '68.80%', '69.22%', '69.44%', '69.36%', '69.50%', '69.05%', '69.70%', '69.90%']
平均损失历程: ['2.1205', '1.7667', '1.6206', '1.5402', '1.4898', '1.4474', '1.4127', '1.3776', '1.3490', '1.3205', '1.2928', '1.2669', '1.2434', '1.2172', '1.1961', '1.1739', '1.1540', '1.1325', '1.1147', '1.1010', '1.0864', '1.0685', '1.0556', '1.0448', '1.0308', '1.0209', '1.0085', '0.9979', '0.9904', '0.9794', '0.9708', '0.9656', '0.9535', '0.9488', '0.9383', '0.9338', '0.9275', '0.9201', '0.9128', '0.9060', '0.8980', '0.8937', '0.8885', '0.8819', '0.8788', '0.8727', '0.8650', '0.8608', '0.8561', '0.8509', '0.8476', '0.8435', '0.8373', '0.8324', '0.8298', '0.8242', '0.8184', '0.8140', '0.8116', '0.8071']
抗梯度反演能力历程: ['0.8851', '0.5425', '0.5228', '0.5266', '0.5127', '0.4990', '0.5076', '0.5776', '0.5377', '0.5140', '0.4898', '0.5516', '0.5071', '0.5415', '0.5255', '0.5818', '0.5137', '0.5363', '0.5885', '0.4981', '0.5483', '0.5767', '0.5413', '0.5781', '0.6020', '0.5155', '0.5783', '0.5262', '0.4959', '0.5000', '0.5135', '0.6188', '0.6657', '0.5365', '0.6521', '0.6108', '0.5566', '0.6965', '0.6430', '0.5772', '0.5023', '0.7616', '0.6684', '0.5436', '0.5062', '0.4922', '0.5867', '0.5386', '0.5169', '0.7567', '0.5021', '0.6654', '0.5021', '0.6510', '0.6025', '0.6708', '0.6923', '0.4975', '0.5804', '0.6024']

准确率变化:
轮次  1: 31.53%
轮次  2: 38.73%
轮次  3: 42.29%
轮次  4: 44.84%
轮次  5: 46.31%
轮次  6: 47.82%
轮次  7: 49.07%
轮次  8: 50.54%
轮次  9: 51.16%
轮次 10: 52.82%
轮次 11: 53.74%
轮次 12: 54.28%
轮次 13: 55.45%
轮次 14: 56.07%
轮次 15: 56.75%
轮次 16: 57.71%
轮次 17: 57.09%
轮次 18: 58.79%
轮次 19: 59.03%
轮次 20: 59.73%
轮次 21: 60.83%
轮次 22: 61.06%
轮次 23: 61.85%
轮次 24: 61.90%
轮次 25: 62.90%
轮次 26: 63.08%
轮次 27: 63.64%
轮次 28: 64.21%
轮次 29: 64.03%
轮次 30: 63.88%
轮次 31: 63.74%
轮次 32: 65.19%
轮次 33: 65.36%
轮次 34: 65.36%
轮次 35: 66.06%
轮次 36: 65.60%
轮次 37: 65.82%
轮次 38: 66.29%
轮次 39: 66.44%
轮次 40: 66.31%
轮次 41: 67.30%
轮次 42: 67.45%
轮次 43: 67.36%
轮次 44: 67.66%
轮次 45: 67.75%
轮次 46: 67.84%
轮次 47: 68.07%
轮次 48: 68.14%
轮次 49: 68.26%
轮次 50: 68.13%
轮次 51: 69.19%
轮次 52: 68.99%
轮次 53: 68.80%
轮次 54: 69.22%
轮次 55: 69.44%
轮次 56: 69.36%
轮次 57: 69.50%
轮次 58: 69.05%
轮次 59: 69.70%
轮次 60: 69.90%

总结:
初始准确率: 31.53%
最终准确率: 69.90%
性能提升: +38.37% (+121.7%)

损失变化:
初始损失: 2.1205
最终损失: 0.8071
损失改善: 61.9%

效率分析:
总训练时间: 18094.7秒
平均每轮时间: 301.6秒
隐私保护带来的准确率损失: +0.00% (+0.0%)
隐私-性能权衡比: 0.1197 (越低越好)

隐私保护评估:
目标隐私预算ε: 8.0
最终抗梯度反演能力: 0.6024
隐私保护效果: 良好 (中等抗梯度反演能力)
================================================================================
