Command: D:\anaconda\envs\pp\python.exe -u ours.py --dataset CIFAR10 --global_epoch 60 --num_clients 3 --batch_size 32 --local_epoch 4 --lr 0.004 --target_epsilon 8.0 --target_delta 1e-5 --clipping_bound 2.0 --dir_alpha 100 --device 0 --user_sample_rate 1.0 --seed 20260312 --noise_decay 1.0 --noise_decay_type exponential --sparsity_ratio 0.0 --dp_method dfl --sigma_factor_gaussian 0.10 --sigma_factor_dfl 0.10 --use_chaotic --chaotic_factor 1.0 --dfl_mu 3.99 --dfl_alpha 0.85 --dfl_burn_in 2048 --dfl_decimation 24 --dfl_max_direct_uniform 4096 --gir_attack_steps 12 --gir_attack_trials 1 --gir_attack_batch_size 1 --gir_attack_lr 0.1 --gir_eval_interval 0 --gir_max_evals_per_client_update 1
Start: 2026-05-08 01:19:52.749029
================================================================================
D:\anaconda\envs\pp\Lib\site-packages\torch\cuda\__init__.py:63: FutureWarning: The pynvml package is deprecated. Please install nvidia-ml-py instead. If you did not install pynvml directly, please report this to the maintainers of the package that installed pynvml for you.
  import pynvml  # type: ignore[import]
DP方法: dfl
Random seed: 20260312
数据集: CIFAR10, 学习率: 0.004, 隐私预算ε: 8.0, 裁剪边界: 2.0
正在加载 CIFAR10 数据集...
检测到本地CIFAR10数据集，直接使用...
使用CIFAR10数据集...
使用原始数据加载方法成功: 3个客户端
数据加载成功: 3个客户端，总数据量: 50000
客户端隐私预算分配: ['7.92', '7.98', '8.09']
客户端数据量: [16342, 16601, 17057]

全局轮次 DFL:   0%|          | 0/60 [00:00<?, ?it/s][DFL] Building dynamic reservoir of 20.0M capacity, please wait...
[DFL] Dynamic reservoir build completed!
轮次 1 客户端准确率: ['31.46%', '32.05%', '31.77%']
轮次 1 平均训练损失: 2.1171
轮次 1 平均抗梯度反演能力: 0.8837

全局轮次 DFL:   2%|▏         | 1/60 [05:06<5:01:15, 306.37s/it]轮次 2 客户端准确率: ['38.73%', '35.37%', '38.03%']
轮次 2 平均训练损失: 1.7687
轮次 2 平均抗梯度反演能力: 0.5502

全局轮次 DFL:   3%|▎         | 2/60 [10:10<4:54:57, 305.12s/it]轮次 3 客户端准确率: ['42.05%', '41.70%', '40.90%']
轮次 3 平均训练损失: 1.6275
轮次 3 平均抗梯度反演能力: 0.5586

全局轮次 DFL:   5%|▌         | 3/60 [15:14<4:49:07, 304.34s/it]轮次 4 客户端准确率: ['44.00%', '44.80%', '43.84%']
轮次 4 平均训练损失: 1.5505
轮次 4 平均抗梯度反演能力: 0.5367

全局轮次 DFL:   7%|▋         | 4/60 [20:18<4:43:58, 304.25s/it]轮次 5 客户端准确率: ['46.02%', '47.10%', '46.81%']
轮次 5 平均训练损失: 1.4986
轮次 5 平均抗梯度反演能力: 0.5022

全局轮次 DFL:   8%|▊         | 5/60 [25:21<4:38:42, 304.05s/it]轮次 6 客户端准确率: ['47.46%', '47.00%', '47.53%']
轮次 6 平均训练损失: 1.4536
轮次 6 平均抗梯度反演能力: 0.5134

全局轮次 DFL:  10%|█         | 6/60 [30:23<4:33:03, 303.40s/it]轮次 7 客户端准确率: ['48.65%', '47.97%', '49.53%']
轮次 7 平均训练损失: 1.4158
轮次 7 平均抗梯度反演能力: 0.5658

全局轮次 DFL:  12%|█▏        | 7/60 [35:28<4:28:25, 303.87s/it]轮次 8 客户端准确率: ['49.90%', '49.94%', '50.44%']
轮次 8 平均训练损失: 1.3795
轮次 8 平均抗梯度反演能力: 0.5134

全局轮次 DFL:  13%|█▎        | 8/60 [40:35<4:24:14, 304.90s/it]轮次 9 客户端准确率: ['52.25%', '51.12%', '51.21%']
轮次 9 平均训练损失: 1.3462
轮次 9 平均抗梯度反演能力: 0.5031

全局轮次 DFL:  15%|█▌        | 9/60 [45:36<4:18:02, 303.57s/it]轮次 10 客户端准确率: ['52.35%', '51.79%', '53.32%']
轮次 10 平均训练损失: 1.3174
轮次 10 平均抗梯度反演能力: 0.5499

全局轮次 DFL:  17%|█▋        | 10/60 [50:39<4:12:49, 303.40s/it]轮次 11 客户端准确率: ['53.72%', '54.16%', '53.82%']
轮次 11 平均训练损失: 1.2879
轮次 11 平均抗梯度反演能力: 0.5007

全局轮次 DFL:  18%|█▊        | 11/60 [55:45<4:08:21, 304.11s/it]轮次 12 客户端准确率: ['53.96%', '55.09%', '54.92%']
轮次 12 平均训练损失: 1.2616
轮次 12 平均抗梯度反演能力: 0.5129

全局轮次 DFL:  20%|██        | 12/60 [1:00:48<4:03:04, 303.84s/it]轮次 13 客户端准确率: ['55.58%', '54.94%', '55.67%']
轮次 13 平均训练损失: 1.2342
轮次 13 平均抗梯度反演能力: 0.6003

全局轮次 DFL:  22%|██▏       | 13/60 [1:05:53<3:58:11, 304.08s/it]轮次 14 客户端准确率: ['56.56%', '56.73%', '55.99%']
轮次 14 平均训练损失: 1.2110
轮次 14 平均抗梯度反演能力: 0.5795

全局轮次 DFL:  23%|██▎       | 14/60 [1:10:55<3:52:43, 303.55s/it]轮次 15 客户端准确率: ['56.58%', '57.15%', '57.16%']
轮次 15 平均训练损失: 1.1876
轮次 15 平均抗梯度反演能力: 0.5581

全局轮次 DFL:  25%|██▌       | 15/60 [1:15:57<3:47:14, 302.98s/it]轮次 16 客户端准确率: ['58.33%', '57.62%', '56.49%']
轮次 16 平均训练损失: 1.1657
轮次 16 平均抗梯度反演能力: 0.5138

全局轮次 DFL:  27%|██▋       | 16/60 [1:21:01<3:42:31, 303.45s/it]轮次 17 客户端准确率: ['58.59%', '57.59%', '57.68%']
轮次 17 平均训练损失: 1.1477
轮次 17 平均抗梯度反演能力: 0.5045

全局轮次 DFL:  28%|██▊       | 17/60 [1:26:06<3:37:41, 303.75s/it]轮次 18 客户端准确率: ['59.58%', '58.04%', '59.91%']
轮次 18 平均训练损失: 1.1285
轮次 18 平均抗梯度反演能力: 0.5481

全局轮次 DFL:  30%|███       | 18/60 [1:31:09<3:32:27, 303.51s/it]轮次 19 客户端准确率: ['59.22%', '60.71%', '59.48%']
轮次 19 平均训练损失: 1.1099
轮次 19 平均抗梯度反演能力: 0.5765

全局轮次 DFL:  32%|███▏      | 19/60 [1:36:12<3:27:27, 303.59s/it]轮次 20 客户端准确率: ['60.66%', '59.52%', '61.67%']
轮次 20 平均训练损失: 1.0968
轮次 20 平均抗梯度反演能力: 0.5170

全局轮次 DFL:  33%|███▎      | 20/60 [1:41:16<3:22:27, 303.68s/it]轮次 21 客户端准确率: ['61.39%', '62.05%', '60.96%']
轮次 21 平均训练损失: 1.0795
轮次 21 平均抗梯度反演能力: 0.6306

全局轮次 DFL:  35%|███▌      | 21/60 [1:46:21<3:17:41, 304.13s/it]轮次 22 客户端准确率: ['61.01%', '61.56%', '61.14%']
轮次 22 平均训练损失: 1.0659
轮次 22 平均抗梯度反演能力: 0.6165

全局轮次 DFL:  37%|███▋      | 22/60 [1:51:29<3:13:19, 305.26s/it]轮次 23 客户端准确率: ['61.93%', '61.92%', '62.11%']
轮次 23 平均训练损失: 1.0523
轮次 23 平均抗梯度反演能力: 0.5427

全局轮次 DFL:  38%|███▊      | 23/60 [1:56:33<3:08:00, 304.87s/it]轮次 24 客户端准确率: ['62.05%', '63.03%', '62.23%']
轮次 24 平均训练损失: 1.0371
轮次 24 平均抗梯度反演能力: 0.5534

全局轮次 DFL:  40%|████      | 24/60 [2:01:35<3:02:26, 304.06s/it]轮次 25 客户端准确率: ['62.60%', '63.66%', '63.04%']
轮次 25 平均训练损失: 1.0256
轮次 25 平均抗梯度反演能力: 0.5212

全局轮次 DFL:  42%|████▏     | 25/60 [2:06:41<2:57:33, 304.39s/it]轮次 26 客户端准确率: ['62.94%', '62.65%', '62.97%']
轮次 26 平均训练损失: 1.0128
轮次 26 平均抗梯度反演能力: 0.5639

全局轮次 DFL:  43%|████▎     | 26/60 [2:11:46<2:52:35, 304.56s/it]轮次 27 客户端准确率: ['63.87%', '63.01%', '64.03%']
轮次 27 平均训练损失: 1.0020
轮次 27 平均抗梯度反演能力: 0.4976

全局轮次 DFL:  45%|████▌     | 27/60 [2:16:51<2:47:34, 304.69s/it]轮次 28 客户端准确率: ['63.72%', '64.29%', '64.23%']
轮次 28 平均训练损失: 0.9930
轮次 28 平均抗梯度反演能力: 0.5176

全局轮次 DFL:  47%|████▋     | 28/60 [2:21:55<2:42:23, 304.49s/it]轮次 29 客户端准确率: ['64.34%', '64.17%', '63.95%']
轮次 29 平均训练损失: 0.9838
轮次 29 平均抗梯度反演能力: 0.5232

全局轮次 DFL:  48%|████▊     | 29/60 [2:26:57<2:37:03, 303.99s/it]轮次 30 客户端准确率: ['64.94%', '65.18%', '63.43%']
轮次 30 平均训练损失: 0.9725
轮次 30 平均抗梯度反演能力: 0.5500

全局轮次 DFL:  50%|█████     | 30/60 [2:31:57<2:31:16, 302.56s/it]轮次 31 客户端准确率: ['63.88%', '65.09%', '64.96%']
轮次 31 平均训练损失: 0.9642
轮次 31 平均抗梯度反演能力: 0.5823

全局轮次 DFL:  52%|█████▏    | 31/60 [2:37:09<2:27:38, 305.46s/it]轮次 32 客户端准确率: ['65.20%', '64.79%', '64.45%']
轮次 32 平均训练损失: 0.9573
轮次 32 平均抗梯度反演能力: 0.7816

全局轮次 DFL:  53%|█████▎    | 32/60 [2:42:16<2:22:50, 306.08s/it]轮次 33 客户端准确率: ['65.65%', '65.02%', '65.29%']
轮次 33 平均训练损失: 0.9496
轮次 33 平均抗梯度反演能力: 0.6437

全局轮次 DFL:  55%|█████▌    | 33/60 [2:47:18<2:17:08, 304.77s/it]轮次 34 客户端准确率: ['65.73%', '66.42%', '66.21%']
轮次 34 平均训练损失: 0.9388
轮次 34 平均抗梯度反演能力: 0.6040

全局轮次 DFL:  57%|█████▋    | 34/60 [2:52:22<2:11:57, 304.53s/it]轮次 35 客户端准确率: ['65.79%', '64.89%', '65.67%']
轮次 35 平均训练损失: 0.9307
轮次 35 平均抗梯度反演能力: 0.6629

全局轮次 DFL:  58%|█████▊    | 35/60 [2:57:24<2:06:33, 303.75s/it]轮次 36 客户端准确率: ['66.61%', '64.95%', '65.98%']
轮次 36 平均训练损失: 0.9216
轮次 36 平均抗梯度反演能力: 0.6053

全局轮次 DFL:  60%|██████    | 36/60 [3:02:33<2:02:09, 305.39s/it]轮次 37 客户端准确率: ['66.74%', '66.50%', '66.22%']
轮次 37 平均训练损失: 0.9148
轮次 37 平均抗梯度反演能力: 0.5299

全局轮次 DFL:  62%|██████▏   | 37/60 [3:07:41<1:57:18, 306.03s/it]轮次 38 客户端准确率: ['67.34%', '67.13%', '66.58%']
轮次 38 平均训练损失: 0.9080
轮次 38 平均抗梯度反演能力: 0.4970

全局轮次 DFL:  63%|██████▎   | 38/60 [3:12:46<1:52:08, 305.83s/it]轮次 39 客户端准确率: ['67.48%', '67.79%', '66.61%']
轮次 39 平均训练损失: 0.8988
轮次 39 平均抗梯度反演能力: 0.4995

全局轮次 DFL:  65%|██████▌   | 39/60 [3:17:47<1:46:31, 304.34s/it]轮次 40 客户端准确率: ['66.96%', '67.54%', '67.52%']
轮次 40 平均训练损失: 0.8956
轮次 40 平均抗梯度反演能力: 0.5482

全局轮次 DFL:  67%|██████▋   | 40/60 [3:22:50<1:41:20, 304.00s/it]轮次 41 客户端准确率: ['67.55%', '67.81%', '67.73%']
轮次 41 平均训练损失: 0.8864
轮次 41 平均抗梯度反演能力: 0.4977

全局轮次 DFL:  68%|██████▊   | 41/60 [3:27:54<1:36:15, 303.99s/it]轮次 42 客户端准确率: ['67.79%', '68.18%', '67.40%']
轮次 42 平均训练损失: 0.8812
轮次 42 平均抗梯度反演能力: 0.5980

全局轮次 DFL:  70%|███████   | 42/60 [3:32:56<1:30:59, 303.32s/it]轮次 43 客户端准确率: ['67.67%', '67.72%', '68.68%']
轮次 43 平均训练损失: 0.8768
轮次 43 平均抗梯度反演能力: 0.7308

全局轮次 DFL:  72%|███████▏  | 43/60 [3:38:02<1:26:09, 304.06s/it]轮次 44 客户端准确率: ['67.44%', '68.22%', '68.05%']
轮次 44 平均训练损失: 0.8687
轮次 44 平均抗梯度反演能力: 0.5490

全局轮次 DFL:  73%|███████▎  | 44/60 [3:43:04<1:20:55, 303.44s/it]轮次 45 客户端准确率: ['68.25%', '68.08%', '68.16%']
轮次 45 平均训练损失: 0.8689
轮次 45 平均抗梯度反演能力: 0.6067

全局轮次 DFL:  75%|███████▌  | 45/60 [3:48:05<1:15:41, 302.75s/it]轮次 46 客户端准确率: ['67.48%', '67.42%', '68.95%']
轮次 46 平均训练损失: 0.8605
轮次 46 平均抗梯度反演能力: 0.5433

全局轮次 DFL:  77%|███████▋  | 46/60 [3:53:07<1:10:37, 302.71s/it]轮次 47 客户端准确率: ['67.19%', '69.18%', '67.77%']
轮次 47 平均训练损失: 0.8555
轮次 47 平均抗梯度反演能力: 0.5306

全局轮次 DFL:  78%|███████▊  | 47/60 [3:58:13<1:05:47, 303.64s/it]轮次 48 客户端准确率: ['68.38%', '68.64%', '69.27%']
轮次 48 平均训练损失: 0.8506
轮次 48 平均抗梯度反演能力: 0.4925

全局轮次 DFL:  80%|████████  | 48/60 [4:03:22<1:01:00, 305.03s/it]轮次 49 客户端准确率: ['68.94%', '69.13%', '69.41%']
轮次 49 平均训练损失: 0.8481
轮次 49 平均抗梯度反演能力: 0.4952

全局轮次 DFL:  82%|████████▏ | 49/60 [4:08:24<55:47, 304.29s/it]  轮次 50 客户端准确率: ['69.09%', '68.04%', '68.98%']
轮次 50 平均训练损失: 0.8425
轮次 50 平均抗梯度反演能力: 0.6295

全局轮次 DFL:  83%|████████▎ | 50/60 [4:13:26<50:35, 303.52s/it]轮次 51 客户端准确率: ['68.98%', '69.33%', '69.18%']
轮次 51 平均训练损失: 0.8378
轮次 51 平均抗梯度反演能力: 0.5902

全局轮次 DFL:  85%|████████▌ | 51/60 [4:18:27<45:24, 302.70s/it]轮次 52 客户端准确率: ['68.51%', '68.65%', '69.24%']
轮次 52 平均训练损失: 0.8332
轮次 52 平均抗梯度反演能力: 0.5135

全局轮次 DFL:  87%|████████▋ | 52/60 [4:23:38<40:43, 305.38s/it]轮次 53 客户端准确率: ['68.62%', '69.41%', '69.31%']
轮次 53 平均训练损失: 0.8290
轮次 53 平均抗梯度反演能力: 0.7546

全局轮次 DFL:  88%|████████▊ | 53/60 [4:28:39<35:28, 304.05s/it]轮次 54 客户端准确率: ['68.27%', '69.22%', '69.27%']
轮次 54 平均训练损失: 0.8252
轮次 54 平均抗梯度反演能力: 0.5468

全局轮次 DFL:  90%|█████████ | 54/60 [4:33:46<30:29, 304.88s/it]轮次 55 客户端准确率: ['69.32%', '69.44%', '67.99%']
轮次 55 平均训练损失: 0.8227
轮次 55 平均抗梯度反演能力: 0.5826

全局轮次 DFL:  92%|█████████▏| 55/60 [4:38:47<25:18, 303.64s/it]轮次 56 客户端准确率: ['69.39%', '68.62%', '69.23%']
轮次 56 平均训练损失: 0.8216
轮次 56 平均抗梯度反演能力: 0.4958

全局轮次 DFL:  93%|█████████▎| 56/60 [4:43:57<20:22, 305.73s/it]轮次 57 客户端准确率: ['69.10%', '69.71%', '70.07%']
轮次 57 平均训练损失: 0.8127
轮次 57 平均抗梯度反演能力: 0.5786

全局轮次 DFL:  95%|█████████▌| 57/60 [4:49:03<15:17, 305.73s/it]轮次 58 客户端准确率: ['69.00%', '70.24%', '70.16%']
轮次 58 平均训练损失: 0.8120
轮次 58 平均抗梯度反演能力: 0.5290

全局轮次 DFL:  97%|█████████▋| 58/60 [4:54:08<10:10, 305.38s/it]轮次 59 客户端准确率: ['68.39%', '70.11%', '69.72%']
轮次 59 平均训练损失: 0.8107
轮次 59 平均抗梯度反演能力: 0.6913

全局轮次 DFL:  98%|█████████▊| 59/60 [4:59:10<05:04, 304.59s/it]轮次 60 客户端准确率: ['69.60%', '69.96%', '69.83%']
轮次 60 平均训练损失: 0.8047
轮次 60 平均抗梯度反演能力: 0.5286

全局轮次 DFL: 100%|██████████| 60/60 [5:04:11<00:00, 303.46s/it]
全局轮次 DFL: 100%|██████████| 60/60 [5:04:11<00:00, 304.20s/it]

================================================================================
DFL差分隐私联邦学习 - 实验结果汇总
================================================================================
数据集: CIFAR10
全局训练轮次: 60
训练时间: 18251.7秒
平均准确率历程: ['31.76%', '37.38%', '41.55%', '44.21%', '46.64%', '47.33%', '48.72%', '50.09%', '51.53%', '52.49%', '53.90%', '54.66%', '55.40%', '56.43%', '56.96%', '57.48%', '57.95%', '59.18%', '59.80%', '60.62%', '61.47%', '61.24%', '61.99%', '62.44%', '63.10%', '62.85%', '63.64%', '64.08%', '64.15%', '64.52%', '64.64%', '64.81%', '65.32%', '66.12%', '65.45%', '65.85%', '66.49%', '67.02%', '67.29%', '67.34%', '67.70%', '67.79%', '68.02%', '67.90%', '68.16%', '67.95%', '68.05%', '68.76%', '69.16%', '68.70%', '69.16%', '68.80%', '69.11%', '68.92%', '68.92%', '69.08%', '69.63%', '69.80%', '69.41%', '69.80%']
平均损失历程: ['2.1171', '1.7687', '1.6275', '1.5505', '1.4986', '1.4536', '1.4158', '1.3795', '1.3462', '1.3174', '1.2879', '1.2616', '1.2342', '1.2110', '1.1876', '1.1657', '1.1477', '1.1285', '1.1099', '1.0968', '1.0795', '1.0659', '1.0523', '1.0371', '1.0256', '1.0128', '1.0020', '0.9930', '0.9838', '0.9725', '0.9642', '0.9573', '0.9496', '0.9388', '0.9307', '0.9216', '0.9148', '0.9080', '0.8988', '0.8956', '0.8864', '0.8812', '0.8768', '0.8687', '0.8689', '0.8605', '0.8555', '0.8506', '0.8481', '0.8425', '0.8378', '0.8332', '0.8290', '0.8252', '0.8227', '0.8216', '0.8127', '0.8120', '0.8107', '0.8047']
抗梯度反演能力历程: ['0.8837', '0.5502', '0.5586', '0.5367', '0.5022', '0.5134', '0.5658', '0.5134', '0.5031', '0.5499', '0.5007', '0.5129', '0.6003', '0.5795', '0.5581', '0.5138', '0.5045', '0.5481', '0.5765', '0.5170', '0.6306', '0.6165', '0.5427', '0.5534', '0.5212', '0.5639', '0.4976', '0.5176', '0.5232', '0.5500', '0.5823', '0.7816', '0.6437', '0.6040', '0.6629', '0.6053', '0.5299', '0.4970', '0.4995', '0.5482', '0.4977', '0.5980', '0.7308', '0.5490', '0.6067', '0.5433', '0.5306', '0.4925', '0.4952', '0.6295', '0.5902', '0.5135', '0.7546', '0.5468', '0.5826', '0.4958', '0.5786', '0.5290', '0.6913', '0.5286']

准确率变化:
轮次  1: 31.76%
轮次  2: 37.38%
轮次  3: 41.55%
轮次  4: 44.21%
轮次  5: 46.64%
轮次  6: 47.33%
轮次  7: 48.72%
轮次  8: 50.09%
轮次  9: 51.53%
轮次 10: 52.49%
轮次 11: 53.90%
轮次 12: 54.66%
轮次 13: 55.40%
轮次 14: 56.43%
轮次 15: 56.96%
轮次 16: 57.48%
轮次 17: 57.95%
轮次 18: 59.18%
轮次 19: 59.80%
轮次 20: 60.62%
轮次 21: 61.47%
轮次 22: 61.24%
轮次 23: 61.99%
轮次 24: 62.44%
轮次 25: 63.10%
轮次 26: 62.85%
轮次 27: 63.64%
轮次 28: 64.08%
轮次 29: 64.15%
轮次 30: 64.52%
轮次 31: 64.64%
轮次 32: 64.81%
轮次 33: 65.32%
轮次 34: 66.12%
轮次 35: 65.45%
轮次 36: 65.85%
轮次 37: 66.49%
轮次 38: 67.02%
轮次 39: 67.29%
轮次 40: 67.34%
轮次 41: 67.70%
轮次 42: 67.79%
轮次 43: 68.02%
轮次 44: 67.90%
轮次 45: 68.16%
轮次 46: 67.95%
轮次 47: 68.05%
轮次 48: 68.76%
轮次 49: 69.16%
轮次 50: 68.70%
轮次 51: 69.16%
轮次 52: 68.80%
轮次 53: 69.11%
轮次 54: 68.92%
轮次 55: 68.92%
轮次 56: 69.08%
轮次 57: 69.63%
轮次 58: 69.80%
轮次 59: 69.41%
轮次 60: 69.80%

总结:
初始准确率: 31.76%
最终准确率: 69.80%
性能提升: +38.04% (+119.8%)

损失变化:
初始损失: 2.1171
最终损失: 0.8047
损失改善: 62.0%

效率分析:
总训练时间: 18251.7秒
平均每轮时间: 304.2秒
隐私保护带来的准确率损失: +0.00% (+0.0%)
隐私-性能权衡比: 0.1424 (越低越好)

隐私保护评估:
目标隐私预算ε: 8.0
最终抗梯度反演能力: 0.5286
隐私保护效果: 良好 (中等抗梯度反演能力)
================================================================================
